(MemberDAO.java:112) - doReadFile()
(MemberDAO.java:23) - member.count:3
(MemberDAO.java:106) - doSaveFile count:0
(Main.java:35) - doSave()
(Main.java:41) - 단건 등록 실패!
(MemberDAO.java:112) - doReadFile()
(MemberDAO.java:121) - IOException: member.json (지정된 파일을 찾을 수 없습니다)
(MemberDAO.java:23) - member.count:0
(MemberDAO.java:106) - doSaveFile count:0
(Main.java:35) - doSave()
(Main.java:41) - 단건 등록 실패!
(MemberDAO.java:147) - doReadFile()
(MemberDAO.java:165) - listBox.size():3
(MemberDAO.java:29) - member count:3
(MemberDAO.java:126) - doSaveFile()
(MemberDAO.java:141) - doSaveFile count:3
(Main.java:41) - doSave()
(Main.java:47) - 단건 등록 실패!
(MemberDAO.java:147) - doReadFile()
(MemberDAO.java:165) - listBox.size():3
(MemberDAO.java:29) - member count:3
(MemberDAO.java:126) - doSaveFile()
(MemberDAO.java:141) - doSaveFile count:3
(Main.java:36) - doUpdate()
(MemberDAO.java:106) - flag : 1
(MemberDAO.java:83) - flag: 1
(Main.java:41) - 단건 업데이트 실패! flag:2
(MemberDAO.java:126) - doSaveFile()
(MemberDAO.java:141) - doSaveFile count:3
(MemberDAO.java:147) - doReadFile()
(MemberDAO.java:165) - listBox.size():3
(MemberDAO.java:29) - member count:3
(MemberDAO.java:126) - doSaveFile()
(MemberDAO.java:141) - doSaveFile count:3
(Main.java:36) - doUpdate()
(MemberDAO.java:106) - flag : 0
(Main.java:41) - 단건 업데이트 실패! flag:0
(MemberDAO.java:126) - doSaveFile()
(MemberDAO.java:141) - doSaveFile count:3
(MemberDAO.java:147) - doReadFile()
(MemberDAO.java:165) - listBox.size():3
(MemberDAO.java:29) - member count:3
(MemberDAO.java:126) - doSaveFile()
(MemberDAO.java:141) - doSaveFile count:3
(Main.java:36) - doUpdate()
(MemberDAO.java:106) - flag : 0
(Main.java:41) - 업데이트 실패! flag:0
(MemberDAO.java:126) - doSaveFile()
(MemberDAO.java:141) - doSaveFile count:3
(MemberDAO.java:147) - doReadFile()
(MemberDAO.java:165) - listBox.size():3
(MemberDAO.java:29) - member count:3
(MemberDAO.java:126) - doSaveFile()
(MemberDAO.java:141) - doSaveFile count:3
(Main.java:36) - doUpdate()
(MemberDAO.java:106) - flag : 1
(MemberDAO.java:83) - flag: 1
(Main.java:39) - 업데이트 성공!
(MemberDAO.java:126) - doSaveFile()
(MemberDAO.java:141) - doSaveFile count:3
(MemberDAO.java:153) - doReadFile()
(MemberDAO.java:171) - listBox.size():3
(MemberDAO.java:29) - member count:3
(MemberDAO.java:132) - doSaveFile()
(MemberDAO.java:147) - doSaveFile count:3
(Main.java:80) - doRetrieve()
(Main.java:83) - 목록조회 성공!
(Main.java:89) - com.pcwk.ehr.member.MemberDTO@3c22fc4c
(Main.java:89) - com.pcwk.ehr.member.MemberDTO@460d0a57
(Main.java:89) - com.pcwk.ehr.member.MemberDTO@47d90b9e
(MemberDAO.java:132) - doSaveFile()
(MemberDAO.java:147) - doSaveFile count:3
